2019-06-17 15:34:15,179 :: INFO :: [O] Connection a la base de donnees
2019-06-17 15:34:15,198 :: ERROR :: [X] Echec de la connection a la base de donnees
2019-06-17 15:34:15,198 :: ERROR :: Connection error : 1698 (28000): Access denied for user 'root'@'localhost'
2019-06-17 15:38:35,304 :: INFO :: [O] Connection a la base de donnees
2019-06-17 15:38:35,326 :: ERROR :: [X] Echec de la connection a la base de donnees
2019-06-17 15:38:35,327 :: ERROR :: Connection error : 1044 (42000): Access denied for user 'admin'@'%' to database 'project'
2019-06-17 15:43:02,967 :: INFO :: [O] Connection a la base de donnees
2019-06-17 15:43:02,988 :: ERROR :: [X] Echec de la connection a la base de donnees
2019-06-17 15:43:02,989 :: ERROR :: Connection error : 1698 (28000): Access denied for user 'root'@'localhost'
2019-06-17 15:43:40,177 :: INFO :: [O] Connection a la base de donnees
2019-06-17 15:43:40,198 :: ERROR :: [X] Echec de la connection a la base de donnees
2019-06-17 15:43:40,200 :: ERROR :: Connection error : 1698 (28000): Access denied for user 'root'@'localhost'
2019-06-17 15:43:45,853 :: INFO :: [O] Connection a la base de donnees
2019-06-17 15:43:45,873 :: ERROR :: [X] Echec de la connection a la base de donnees
2019-06-17 15:43:45,874 :: ERROR :: Connection error : 1698 (28000): Access denied for user 'root'@'localhost'
2019-06-17 15:44:11,553 :: INFO :: [O] Connection a la base de donnees
2019-06-17 15:44:11,573 :: ERROR :: [X] Echec de la connection a la base de donnees
2019-06-17 15:44:11,574 :: ERROR :: Connection error : 1698 (28000): Access denied for user 'root@127.0.0.1'@'localhost'
2019-06-17 15:44:35,756 :: INFO :: [O] Connection a la base de donnees
2019-06-17 15:44:35,776 :: ERROR :: [X] Echec de la connection a la base de donnees
2019-06-17 15:44:35,777 :: ERROR :: Connection error : 1698 (28000): Access denied for user 'root@127.0.0.1'@'localhost'
2019-06-17 15:56:02,461 :: INFO :: [O] Connection a la base de donnees
2019-06-17 15:56:02,488 :: ERROR :: [X] Echec de la connection a la base de donnees
2019-06-17 15:56:02,489 :: ERROR :: Connection error : 1045 (28000): Access denied for user 'root@127.0.0.1'@'localhost' (using password: YES)
2019-06-17 15:56:29,480 :: INFO :: [O] Connection a la base de donnees
2019-06-17 15:56:29,504 :: ERROR :: [X] Echec de la connection a la base de donnees
2019-06-17 15:56:29,505 :: ERROR :: Connection error : 1044 (42000): Access denied for user 'diego'@'localhost' to database 'project'
2019-06-17 16:06:49,595 :: INFO :: [O] Connection a la base de donnees
2019-06-17 16:06:49,617 :: ERROR :: [X] Echec de la connection a la base de donnees
2019-06-17 16:06:49,618 :: ERROR :: Connection error : 1045 (28000): Access denied for user 'diego'@'localhost' (using password: YES)
2019-06-17 16:07:30,503 :: INFO :: [O] Connection a la base de donnees
2019-06-17 16:07:30,525 :: ERROR :: [X] Echec de la connection a la base de donnees
2019-06-17 16:07:30,526 :: ERROR :: Connection error : 1044 (42000): Access denied for user 'diego'@'localhost' to database 'project'
2019-06-18 13:10:13,469 :: INFO :: [O] Connection a la base de donnees
2019-06-18 13:10:13,487 :: ERROR :: [X] Echec de la connection a la base de donnees
2019-06-18 13:10:13,488 :: ERROR :: Connection error : 1044 (42000): Access denied for user 'diego'@'localhost' to database 'project'
2019-06-18 13:10:38,846 :: INFO :: [O] Connection a la base de donnees
2019-06-18 13:10:38,856 :: ERROR :: [X] Echec de la connection a la base de donnees
2019-06-18 13:10:38,857 :: ERROR :: Connection error : 1044 (42000): Access denied for user 'phpmyadmin'@'localhost' to database 'project'
2019-06-18 13:13:23,745 :: INFO :: [O] Connection a la base de donnees
2019-06-18 13:13:23,754 :: ERROR :: [X] Echec de la connection a la base de donnees
2019-06-18 13:13:23,755 :: ERROR :: Connection error : 1044 (42000): Access denied for user 'diego'@'localhost' to database 'project'
2019-06-18 13:14:20,818 :: INFO :: [O] Connection a la base de donnees
2019-06-18 13:14:20,827 :: ERROR :: [X] Echec de la connection a la base de donnees
2019-06-18 13:14:20,828 :: ERROR :: Connection error : 1044 (42000): Access denied for user 'diego'@'localhost' to database 'project'
2019-06-18 13:16:24,326 :: INFO :: [O] Connection a la base de donnees
2019-06-18 13:16:24,370 :: ERROR :: [X] Echec de la connection a la base de donnees
2019-06-18 13:16:24,371 :: ERROR :: Connection error : 1698 (28000): Access denied for user 'root'@'localhost'
2019-06-18 13:16:38,994 :: INFO :: [O] Connection a la base de donnees
2019-06-18 13:16:39,001 :: ERROR :: [X] Echec de la connection a la base de donnees
2019-06-18 13:16:39,002 :: ERROR :: Connection error : 1044 (42000): Access denied for user 'diego'@'localhost' to database 'project'
2019-06-18 13:18:35,701 :: INFO :: [O] Connection a la base de donnees
2019-06-18 13:18:35,709 :: ERROR :: [X] Echec de la connection a la base de donnees
2019-06-18 13:18:35,710 :: ERROR :: Connection error : 1044 (42000): Access denied for user 'diego'@'localhost' to database 'project'
2019-06-18 13:21:59,796 :: INFO :: [O] Connection a la base de donnees
2019-06-18 13:21:59,805 :: ERROR :: [X] Echec de la connection a la base de donnees
2019-06-18 13:21:59,806 :: ERROR :: Connection error : 1044 (42000): Access denied for user 'diego'@'localhost' to database 'project'
2019-06-18 13:58:06,435 :: INFO :: [O] Connection a la base de donnees
2019-06-18 13:58:06,459 :: INFO :: [O] Succes de la connection a la base de donnees
2019-06-18 13:58:06,460 :: INFO :: [O] Insertion de donnees
2019-06-18 13:58:06,464 :: ERROR :: [X] Echec de la requete : 1146 (42S02): Table 'project_mcu.historique' doesn't exist
2019-06-18 13:58:06,466 :: INFO :: [O] Connection a la base de donnees
2019-06-18 13:58:06,474 :: INFO :: [O] Succes de la connection a la base de donnees
2019-06-18 13:58:06,475 :: INFO :: [O] Insertion de donnees
2019-06-18 13:58:06,479 :: ERROR :: [X] Echec de la requete : 1146 (42S02): Table 'project_mcu.historique' doesn't exist
2019-06-18 13:58:06,482 :: INFO :: [O] Connection a la base de donnees
2019-06-18 13:58:06,486 :: INFO :: [O] Succes de la connection a la base de donnees
2019-06-18 13:58:06,487 :: INFO :: [O] Insertion de donnees
2019-06-18 13:58:06,489 :: ERROR :: [X] Echec de la requete : 1146 (42S02): Table 'project_mcu.historique' doesn't exist
2019-06-18 13:58:06,491 :: INFO :: [O] Connection a la base de donnees
2019-06-18 13:58:06,495 :: INFO :: [O] Succes de la connection a la base de donnees
2019-06-18 13:58:06,496 :: INFO :: [O] Insertion de donnees
2019-06-18 13:58:06,498 :: ERROR :: [X] Echec de la requete : 1146 (42S02): Table 'project_mcu.historique' doesn't exist
2019-06-18 13:58:06,500 :: INFO :: [O] Connection a la base de donnees
2019-06-18 13:58:06,505 :: INFO :: [O] Succes de la connection a la base de donnees
2019-06-18 13:58:06,507 :: INFO :: [O] Insertion de donnees
2019-06-18 13:58:06,512 :: ERROR :: [X] Echec de la requete : 1146 (42S02): Table 'project_mcu.historique' doesn't exist
2019-06-18 13:58:06,515 :: INFO :: [O] Connection a la base de donnees
2019-06-18 13:58:06,521 :: INFO :: [O] Succes de la connection a la base de donnees
2019-06-18 13:58:06,522 :: INFO :: [O] Insertion de donnees
2019-06-18 13:58:06,524 :: ERROR :: [X] Echec de la requete : 1146 (42S02): Table 'project_mcu.historique' doesn't exist
2019-06-18 14:02:13,390 :: INFO :: [O] Connection a la base de donnees
2019-06-18 14:02:13,400 :: INFO :: [O] Succes de la connection a la base de donnees
2019-06-18 14:02:13,401 :: INFO :: [O] Insertion de donnees
2019-06-18 14:02:13,441 :: INFO :: [O] Succes de la requete, 1 ligne(s) inseree
2019-06-18 14:02:13,443 :: INFO :: [O] Connection a la base de donnees
2019-06-18 14:02:13,447 :: INFO :: [O] Succes de la connection a la base de donnees
2019-06-18 14:02:13,448 :: INFO :: [O] Insertion de donnees
2019-06-18 14:02:13,506 :: INFO :: [O] Succes de la requete, 1 ligne(s) inseree
2019-06-18 14:02:13,507 :: INFO :: [O] Connection a la base de donnees
2019-06-18 14:02:13,511 :: INFO :: [O] Succes de la connection a la base de donnees
2019-06-18 14:02:13,512 :: INFO :: [O] Insertion de donnees
2019-06-18 14:02:13,560 :: INFO :: [O] Succes de la requete, 1 ligne(s) inseree
2019-06-18 14:02:13,562 :: INFO :: [O] Connection a la base de donnees
2019-06-18 14:02:13,566 :: INFO :: [O] Succes de la connection a la base de donnees
2019-06-18 14:02:13,567 :: INFO :: [O] Insertion de donnees
2019-06-18 14:02:13,600 :: INFO :: [O] Succes de la requete, 1 ligne(s) inseree
2019-06-18 14:02:13,604 :: INFO :: [O] Connection a la base de donnees
2019-06-18 14:02:13,612 :: INFO :: [O] Succes de la connection a la base de donnees
2019-06-18 14:02:13,613 :: INFO :: [O] Insertion de donnees
2019-06-18 14:02:13,648 :: INFO :: [O] Succes de la requete, 1 ligne(s) inseree
2019-06-18 14:02:13,651 :: INFO :: [O] Connection a la base de donnees
2019-06-18 14:02:13,657 :: INFO :: [O] Succes de la connection a la base de donnees
2019-06-18 14:02:13,657 :: INFO :: [O] Insertion de donnees
2019-06-18 14:02:13,692 :: INFO :: [O] Succes de la requete, 1 ligne(s) inseree
2019-06-18 14:06:34,091 :: INFO :: [O] Connection a la base de donnees
2019-06-18 14:06:34,101 :: INFO :: [O] Succes de la connection a la base de donnees
2019-06-18 14:06:34,102 :: INFO :: [O] Insertion de donnees
2019-06-18 14:06:34,133 :: INFO :: [O] Succes de la requete, 1 ligne(s) inseree
2019-06-18 14:06:34,135 :: INFO :: [O] Connection a la base de donnees
2019-06-18 14:06:34,139 :: INFO :: [O] Succes de la connection a la base de donnees
2019-06-18 14:06:34,139 :: INFO :: [O] Insertion de donnees
2019-06-18 14:06:34,189 :: INFO :: [O] Succes de la requete, 1 ligne(s) inseree
2019-06-18 14:06:34,191 :: INFO :: [O] Connection a la base de donnees
2019-06-18 14:06:34,195 :: INFO :: [O] Succes de la connection a la base de donnees
2019-06-18 14:06:34,208 :: INFO :: [O] Insertion de donnees
2019-06-18 14:06:34,233 :: INFO :: [O] Succes de la requete, 1 ligne(s) inseree
2019-06-18 14:06:34,237 :: INFO :: [O] Connection a la base de donnees
2019-06-18 14:06:34,246 :: INFO :: [O] Succes de la connection a la base de donnees
2019-06-18 14:06:34,248 :: INFO :: [O] Insertion de donnees
2019-06-18 14:06:34,281 :: INFO :: [O] Succes de la requete, 1 ligne(s) inseree
2019-06-18 14:06:34,283 :: INFO :: [O] Connection a la base de donnees
2019-06-18 14:06:34,289 :: INFO :: [O] Succes de la connection a la base de donnees
2019-06-18 14:06:34,289 :: INFO :: [O] Insertion de donnees
2019-06-18 14:06:34,329 :: INFO :: [O] Succes de la requete, 1 ligne(s) inseree
2019-06-18 14:06:34,333 :: INFO :: [O] Connection a la base de donnees
2019-06-18 14:06:34,343 :: INFO :: [O] Succes de la connection a la base de donnees
2019-06-18 14:06:34,344 :: INFO :: [O] Insertion de donnees
2019-06-18 14:06:34,391 :: INFO :: [O] Succes de la requete, 1 ligne(s) inseree
2019-06-18 14:06:34,394 :: INFO :: [O] Connection a la base de donnees
2019-06-18 14:06:34,402 :: INFO :: [O] Succes de la connection a la base de donnees
2019-06-18 14:06:34,403 :: INFO :: [O] Suppression de toutes les donnees
2019-06-18 14:06:34,540 :: INFO :: [O] Succes de la requete, table vide
2019-06-18 14:07:07,278 :: INFO :: [O] Connection a la base de donnees
2019-06-18 14:07:07,286 :: INFO :: [O] Succes de la connection a la base de donnees
2019-06-18 14:07:07,287 :: INFO :: [O] Insertion de donnees
2019-06-18 14:07:07,321 :: INFO :: [O] Succes de la requete, 1 ligne(s) inseree
2019-06-18 14:07:07,323 :: INFO :: [O] Connection a la base de donnees
2019-06-18 14:07:07,327 :: INFO :: [O] Succes de la connection a la base de donnees
2019-06-18 14:07:07,328 :: INFO :: [O] Insertion de donnees
2019-06-18 14:07:07,373 :: INFO :: [O] Succes de la requete, 1 ligne(s) inseree
2019-06-18 14:07:07,374 :: INFO :: [O] Connection a la base de donnees
2019-06-18 14:07:07,378 :: INFO :: [O] Succes de la connection a la base de donnees
2019-06-18 14:07:07,379 :: INFO :: [O] Insertion de donnees
2019-06-18 14:07:07,724 :: INFO :: [O] Succes de la requete, 1 ligne(s) inseree
2019-06-18 14:07:07,726 :: INFO :: [O] Connection a la base de donnees
2019-06-18 14:07:07,730 :: INFO :: [O] Succes de la connection a la base de donnees
2019-06-18 14:07:07,731 :: INFO :: [O] Insertion de donnees
2019-06-18 14:07:07,885 :: INFO :: [O] Succes de la requete, 1 ligne(s) inseree
2019-06-18 14:07:07,888 :: INFO :: [O] Connection a la base de donnees
2019-06-18 14:07:07,894 :: INFO :: [O] Succes de la connection a la base de donnees
2019-06-18 14:07:07,896 :: INFO :: [O] Insertion de donnees
2019-06-18 14:07:07,924 :: INFO :: [O] Succes de la requete, 1 ligne(s) inseree
2019-06-18 14:07:07,929 :: INFO :: [O] Connection a la base de donnees
2019-06-18 14:07:07,939 :: INFO :: [O] Succes de la connection a la base de donnees
2019-06-18 14:07:07,940 :: INFO :: [O] Insertion de donnees
2019-06-18 14:07:07,964 :: INFO :: [O] Succes de la requete, 1 ligne(s) inseree
2019-06-18 14:07:07,967 :: INFO :: [O] Connection a la base de donnees
2019-06-18 14:07:07,975 :: INFO :: [O] Succes de la connection a la base de donnees
2019-06-18 14:07:07,977 :: INFO :: [O] Recuperation de l'ensemble des donnees de la table
2019-06-18 14:07:07,986 :: INFO :: [O] Succes de la requete, 6 ligne(s) recuperee
2019-06-18 14:08:18,867 :: INFO :: [O] Connection a la base de donnees
2019-06-18 14:08:18,877 :: INFO :: [O] Succes de la connection a la base de donnees
2019-06-18 14:08:18,878 :: INFO :: [O] Insertion de donnees
2019-06-18 14:08:18,993 :: INFO :: [O] Succes de la requete, 1 ligne(s) inseree
2019-06-18 14:08:18,994 :: INFO :: [O] Connection a la base de donnees
2019-06-18 14:08:18,999 :: INFO :: [O] Succes de la connection a la base de donnees
2019-06-18 14:08:19,000 :: INFO :: [O] Insertion de donnees
2019-06-18 14:08:19,027 :: INFO :: [O] Succes de la requete, 1 ligne(s) inseree
2019-06-18 14:08:19,029 :: INFO :: [O] Connection a la base de donnees
2019-06-18 14:08:19,036 :: INFO :: [O] Succes de la connection a la base de donnees
2019-06-18 14:08:19,037 :: INFO :: [O] Insertion de donnees
2019-06-18 14:08:19,088 :: INFO :: [O] Succes de la requete, 1 ligne(s) inseree
2019-06-18 14:08:19,090 :: INFO :: [O] Connection a la base de donnees
2019-06-18 14:08:19,094 :: INFO :: [O] Succes de la connection a la base de donnees
2019-06-18 14:08:19,094 :: INFO :: [O] Insertion de donnees
2019-06-18 14:08:19,123 :: INFO :: [O] Succes de la requete, 1 ligne(s) inseree
2019-06-18 14:08:19,126 :: INFO :: [O] Connection a la base de donnees
2019-06-18 14:08:19,133 :: INFO :: [O] Succes de la connection a la base de donnees
2019-06-18 14:08:19,134 :: INFO :: [O] Insertion de donnees
2019-06-18 14:08:19,167 :: INFO :: [O] Succes de la requete, 1 ligne(s) inseree
2019-06-18 14:08:19,169 :: INFO :: [O] Connection a la base de donnees
2019-06-18 14:08:19,173 :: INFO :: [O] Succes de la connection a la base de donnees
2019-06-18 14:08:19,174 :: INFO :: [O] Insertion de donnees
2019-06-18 14:08:19,202 :: INFO :: [O] Succes de la requete, 1 ligne(s) inseree
2019-06-18 14:08:19,203 :: INFO :: [O] Connection a la base de donnees
2019-06-18 14:08:19,207 :: INFO :: [O] Succes de la connection a la base de donnees
2019-06-18 14:08:19,208 :: INFO :: [O] Recuperation de l'ensemble des donnees de la table
2019-06-18 14:08:19,219 :: INFO :: [O] Succes de la requete, 12 ligne(s) recuperee
2019-06-18 14:10:47,068 :: INFO :: [O] Connection a la base de donnees
2019-06-18 14:10:47,079 :: INFO :: [O] Succes de la connection a la base de donnees
2019-06-18 14:10:47,080 :: INFO :: [O] Insertion de donnees
2019-06-18 14:10:47,113 :: INFO :: [O] Succes de la requete, 1 ligne(s) inseree
2019-06-18 14:10:47,115 :: INFO :: [O] Connection a la base de donnees
2019-06-18 14:10:47,119 :: INFO :: [O] Succes de la connection a la base de donnees
2019-06-18 14:10:47,120 :: INFO :: [O] Insertion de donnees
2019-06-18 14:10:47,148 :: INFO :: [O] Succes de la requete, 1 ligne(s) inseree
2019-06-18 14:10:47,149 :: INFO :: [O] Connection a la base de donnees
2019-06-18 14:10:47,153 :: INFO :: [O] Succes de la connection a la base de donnees
2019-06-18 14:10:47,154 :: INFO :: [O] Insertion de donnees
2019-06-18 14:10:47,201 :: INFO :: [O] Succes de la requete, 1 ligne(s) inseree
2019-06-18 14:10:47,202 :: INFO :: [O] Connection a la base de donnees
2019-06-18 14:10:47,206 :: INFO :: [O] Succes de la connection a la base de donnees
2019-06-18 14:10:47,213 :: INFO :: [O] Insertion de donnees
2019-06-18 14:10:47,242 :: INFO :: [O] Succes de la requete, 1 ligne(s) inseree
2019-06-18 14:10:47,247 :: INFO :: [O] Connection a la base de donnees
2019-06-18 14:10:47,255 :: INFO :: [O] Succes de la connection a la base de donnees
2019-06-18 14:10:47,257 :: INFO :: [O] Insertion de donnees
2019-06-18 14:10:47,279 :: INFO :: [O] Succes de la requete, 1 ligne(s) inseree
2019-06-18 14:10:47,284 :: INFO :: [O] Connection a la base de donnees
2019-06-18 14:10:47,291 :: INFO :: [O] Succes de la connection a la base de donnees
2019-06-18 14:10:47,293 :: INFO :: [O] Insertion de donnees
2019-06-18 14:10:47,316 :: INFO :: [O] Succes de la requete, 1 ligne(s) inseree
2019-06-18 14:10:47,317 :: INFO :: [O] Connection a la base de donnees
2019-06-18 14:10:47,324 :: INFO :: [O] Succes de la connection a la base de donnees
2019-06-18 14:10:47,325 :: INFO :: [O] Recuperation de l'ensemble des donnees de la table
2019-06-18 14:10:47,330 :: INFO :: [O] Succes de la requete, 18 ligne(s) recuperee
2019-06-20 09:22:50,667 :: INFO :: [O] Connection a la base de donnees
2019-06-20 09:22:50,667 :: INFO :: [O] Connection a la base de donnees
2019-06-20 09:22:50,722 :: ERROR :: [X] Echec de la connection a la base de donnees
2019-06-20 09:22:50,722 :: ERROR :: [X] Echec de la connection a la base de donnees
2019-06-20 09:22:50,726 :: ERROR :: Connection error : 1698 (28000): Access denied for user 'root'@'localhost'
2019-06-20 09:22:50,726 :: ERROR :: Connection error : 1698 (28000): Access denied for user 'root'@'localhost'
2019-06-20 09:24:02,753 :: INFO :: [O] Connection a la base de donnees
2019-06-20 09:24:02,753 :: INFO :: [O] Connection a la base de donnees
2019-06-20 09:24:02,799 :: ERROR :: [X] Echec de la connection a la base de donnees
2019-06-20 09:24:02,799 :: ERROR :: [X] Echec de la connection a la base de donnees
2019-06-20 09:24:02,804 :: ERROR :: Connection error : 1044 (42000): Access denied for user 'ozkan'@'localhost' to database 'project'
2019-06-20 09:24:02,804 :: ERROR :: Connection error : 1044 (42000): Access denied for user 'ozkan'@'localhost' to database 'project'
2019-06-20 09:24:22,777 :: INFO :: [O] Connection a la base de donnees
2019-06-20 09:24:22,777 :: INFO :: [O] Connection a la base de donnees
2019-06-20 09:24:22,817 :: ERROR :: [X] Echec de la connection a la base de donnees
2019-06-20 09:24:22,817 :: ERROR :: [X] Echec de la connection a la base de donnees
2019-06-20 09:24:22,820 :: ERROR :: Connection error : 1044 (42000): Access denied for user 'ozkan'@'localhost' to database 'project'
2019-06-20 09:24:22,820 :: ERROR :: Connection error : 1044 (42000): Access denied for user 'ozkan'@'localhost' to database 'project'
2019-06-20 09:25:10,834 :: INFO :: [O] Connection a la base de donnees
2019-06-20 09:25:10,834 :: INFO :: [O] Connection a la base de donnees
2019-06-20 09:25:10,863 :: INFO :: [O] Succes de la connection a la base de donnees
2019-06-20 09:25:10,863 :: INFO :: [O] Succes de la connection a la base de donnees
2019-06-20 09:25:10,866 :: INFO :: [O] Insertion de donnees
2019-06-20 09:25:10,866 :: INFO :: [O] Insertion de donnees
2019-06-20 09:25:10,899 :: INFO :: [O] Succes de la requete, 1 ligne(s) inseree
2019-06-20 09:25:10,899 :: INFO :: [O] Succes de la requete, 1 ligne(s) inseree
2019-06-20 09:25:10,904 :: INFO :: Succès de l'insertion des donnees
2019-06-20 09:25:10,904 :: INFO :: Succès de l'insertion des donnees
2019-06-20 09:25:10,906 :: INFO :: [O] Connection a la base de donnees
2019-06-20 09:25:10,906 :: INFO :: [O] Connection a la base de donnees
2019-06-20 09:25:10,912 :: INFO :: [O] Succes de la connection a la base de donnees
2019-06-20 09:25:10,912 :: INFO :: [O] Succes de la connection a la base de donnees
2019-06-20 09:25:10,913 :: INFO :: [O] Suppression des donnees datant de plus d'1 semaine
2019-06-20 09:25:10,913 :: INFO :: [O] Suppression des donnees datant de plus d'1 semaine
2019-06-20 09:25:10,950 :: INFO :: [O] Succes de la requete, 18 ligne(s) effacee
2019-06-20 09:25:10,950 :: INFO :: [O] Succes de la requete, 18 ligne(s) effacee
2019-06-20 09:25:22,849 :: INFO :: [O] Connection a la base de donnees
2019-06-20 09:25:22,849 :: INFO :: [O] Connection a la base de donnees
2019-06-20 09:25:22,862 :: INFO :: [O] Succes de la connection a la base de donnees
2019-06-20 09:25:22,862 :: INFO :: [O] Succes de la connection a la base de donnees
2019-06-20 09:25:22,866 :: INFO :: [O] Insertion de donnees
2019-06-20 09:25:22,866 :: INFO :: [O] Insertion de donnees
2019-06-20 09:25:22,891 :: INFO :: [O] Succes de la requete, 1 ligne(s) inseree
2019-06-20 09:25:22,891 :: INFO :: [O] Succes de la requete, 1 ligne(s) inseree
2019-06-20 09:25:22,897 :: INFO :: Succès de l'insertion des donnees
2019-06-20 09:25:22,897 :: INFO :: Succès de l'insertion des donnees
2019-06-20 09:25:22,900 :: INFO :: [O] Connection a la base de donnees
2019-06-20 09:25:22,900 :: INFO :: [O] Connection a la base de donnees
2019-06-20 09:25:22,907 :: INFO :: [O] Succes de la connection a la base de donnees
2019-06-20 09:25:22,907 :: INFO :: [O] Succes de la connection a la base de donnees
2019-06-20 09:25:22,910 :: INFO :: [O] Suppression des donnees datant de plus d'1 semaine
2019-06-20 09:25:22,910 :: INFO :: [O] Suppression des donnees datant de plus d'1 semaine
2019-06-20 09:25:22,923 :: INFO :: [O] Succes de la requete, 0 ligne(s) effacee
2019-06-20 09:25:22,923 :: INFO :: [O] Succes de la requete, 0 ligne(s) effacee
2019-06-20 09:25:22,928 :: INFO :: Pas de donnees à supprimer
2019-06-20 09:25:22,928 :: INFO :: Pas de donnees à supprimer
2019-06-20 09:25:34,863 :: INFO :: [O] Connection a la base de donnees
2019-06-20 09:25:34,863 :: INFO :: [O] Connection a la base de donnees
2019-06-20 09:25:34,869 :: INFO :: [O] Succes de la connection a la base de donnees
2019-06-20 09:25:34,869 :: INFO :: [O] Succes de la connection a la base de donnees
2019-06-20 09:25:34,870 :: INFO :: [O] Insertion de donnees
2019-06-20 09:25:34,870 :: INFO :: [O] Insertion de donnees
2019-06-20 09:25:34,910 :: INFO :: [O] Succes de la requete, 1 ligne(s) inseree
2019-06-20 09:25:34,910 :: INFO :: [O] Succes de la requete, 1 ligne(s) inseree
2019-06-20 09:25:34,912 :: INFO :: Succès de l'insertion des donnees
2019-06-20 09:25:34,912 :: INFO :: Succès de l'insertion des donnees
2019-06-20 09:25:34,914 :: INFO :: [O] Connection a la base de donnees
2019-06-20 09:25:34,914 :: INFO :: [O] Connection a la base de donnees
2019-06-20 09:25:34,928 :: INFO :: [O] Succes de la connection a la base de donnees
2019-06-20 09:25:34,928 :: INFO :: [O] Succes de la connection a la base de donnees
2019-06-20 09:25:34,930 :: INFO :: [O] Suppression des donnees datant de plus d'1 semaine
2019-06-20 09:25:34,930 :: INFO :: [O] Suppression des donnees datant de plus d'1 semaine
2019-06-20 09:25:34,934 :: INFO :: [O] Succes de la requete, 0 ligne(s) effacee
2019-06-20 09:25:34,934 :: INFO :: [O] Succes de la requete, 0 ligne(s) effacee
2019-06-20 09:25:34,936 :: INFO :: Pas de donnees à supprimer
2019-06-20 09:25:34,936 :: INFO :: Pas de donnees à supprimer
2019-06-20 09:25:46,878 :: INFO :: [O] Connection a la base de donnees
2019-06-20 09:25:46,878 :: INFO :: [O] Connection a la base de donnees
2019-06-20 09:25:46,887 :: INFO :: [O] Succes de la connection a la base de donnees
2019-06-20 09:25:46,887 :: INFO :: [O] Succes de la connection a la base de donnees
2019-06-20 09:25:46,892 :: INFO :: [O] Insertion de donnees
2019-06-20 09:25:46,892 :: INFO :: [O] Insertion de donnees
2019-06-20 09:25:46,921 :: INFO :: [O] Succes de la requete, 1 ligne(s) inseree
2019-06-20 09:25:46,921 :: INFO :: [O] Succes de la requete, 1 ligne(s) inseree
2019-06-20 09:25:46,926 :: INFO :: Succès de l'insertion des donnees
2019-06-20 09:25:46,926 :: INFO :: Succès de l'insertion des donnees
2019-06-20 09:25:46,929 :: INFO :: [O] Connection a la base de donnees
2019-06-20 09:25:46,929 :: INFO :: [O] Connection a la base de donnees
2019-06-20 09:25:46,938 :: INFO :: [O] Succes de la connection a la base de donnees
2019-06-20 09:25:46,938 :: INFO :: [O] Succes de la connection a la base de donnees
2019-06-20 09:25:46,940 :: INFO :: [O] Suppression des donnees datant de plus d'1 semaine
2019-06-20 09:25:46,940 :: INFO :: [O] Suppression des donnees datant de plus d'1 semaine
2019-06-20 09:25:46,945 :: INFO :: [O] Succes de la requete, 0 ligne(s) effacee
2019-06-20 09:25:46,945 :: INFO :: [O] Succes de la requete, 0 ligne(s) effacee
2019-06-20 09:25:46,949 :: INFO :: Pas de donnees à supprimer
2019-06-20 09:25:46,949 :: INFO :: Pas de donnees à supprimer
2019-06-20 09:25:58,892 :: INFO :: [O] Connection a la base de donnees
2019-06-20 09:25:58,892 :: INFO :: [O] Connection a la base de donnees
2019-06-20 09:25:58,898 :: INFO :: [O] Succes de la connection a la base de donnees
2019-06-20 09:25:58,898 :: INFO :: [O] Succes de la connection a la base de donnees
2019-06-20 09:25:58,900 :: INFO :: [O] Insertion de donnees
2019-06-20 09:25:58,900 :: INFO :: [O] Insertion de donnees
2019-06-20 09:25:58,940 :: INFO :: [O] Succes de la requete, 1 ligne(s) inseree
2019-06-20 09:25:58,940 :: INFO :: [O] Succes de la requete, 1 ligne(s) inseree
2019-06-20 09:25:58,942 :: INFO :: Succès de l'insertion des donnees
2019-06-20 09:25:58,942 :: INFO :: Succès de l'insertion des donnees
2019-06-20 09:25:58,943 :: INFO :: [O] Connection a la base de donnees
2019-06-20 09:25:58,943 :: INFO :: [O] Connection a la base de donnees
2019-06-20 09:25:58,948 :: INFO :: [O] Succes de la connection a la base de donnees
2019-06-20 09:25:58,948 :: INFO :: [O] Succes de la connection a la base de donnees
2019-06-20 09:25:58,958 :: INFO :: [O] Suppression des donnees datant de plus d'1 semaine
2019-06-20 09:25:58,958 :: INFO :: [O] Suppression des donnees datant de plus d'1 semaine
2019-06-20 09:25:58,965 :: INFO :: [O] Succes de la requete, 0 ligne(s) effacee
2019-06-20 09:25:58,965 :: INFO :: [O] Succes de la requete, 0 ligne(s) effacee
2019-06-20 09:25:58,968 :: INFO :: Pas de donnees à supprimer
2019-06-20 09:25:58,968 :: INFO :: Pas de donnees à supprimer
2019-06-20 09:26:10,907 :: INFO :: [O] Connection a la base de donnees
2019-06-20 09:26:10,907 :: INFO :: [O] Connection a la base de donnees
2019-06-20 09:26:10,918 :: INFO :: [O] Succes de la connection a la base de donnees
2019-06-20 09:26:10,918 :: INFO :: [O] Succes de la connection a la base de donnees
2019-06-20 09:26:10,922 :: INFO :: [O] Insertion de donnees
2019-06-20 09:26:10,922 :: INFO :: [O] Insertion de donnees
2019-06-20 09:26:10,954 :: INFO :: [O] Succes de la requete, 1 ligne(s) inseree
2019-06-20 09:26:10,954 :: INFO :: [O] Succes de la requete, 1 ligne(s) inseree
2019-06-20 09:26:10,958 :: INFO :: Succès de l'insertion des donnees
2019-06-20 09:26:10,958 :: INFO :: Succès de l'insertion des donnees
2019-06-20 09:26:10,961 :: INFO :: [O] Connection a la base de donnees
2019-06-20 09:26:10,961 :: INFO :: [O] Connection a la base de donnees
2019-06-20 09:26:10,969 :: INFO :: [O] Succes de la connection a la base de donnees
2019-06-20 09:26:10,969 :: INFO :: [O] Succes de la connection a la base de donnees
2019-06-20 09:26:10,972 :: INFO :: [O] Suppression des donnees datant de plus d'1 semaine
2019-06-20 09:26:10,972 :: INFO :: [O] Suppression des donnees datant de plus d'1 semaine
2019-06-20 09:26:10,975 :: INFO :: [O] Succes de la requete, 0 ligne(s) effacee
2019-06-20 09:26:10,975 :: INFO :: [O] Succes de la requete, 0 ligne(s) effacee
2019-06-20 09:26:10,978 :: INFO :: Pas de donnees à supprimer
2019-06-20 09:26:10,978 :: INFO :: Pas de donnees à supprimer
2019-06-20 09:26:22,921 :: INFO :: [O] Connection a la base de donnees
2019-06-20 09:26:22,921 :: INFO :: [O] Connection a la base de donnees
2019-06-20 09:26:22,936 :: INFO :: [O] Succes de la connection a la base de donnees
2019-06-20 09:26:22,936 :: INFO :: [O] Succes de la connection a la base de donnees
2019-06-20 09:26:22,939 :: INFO :: [O] Insertion de donnees
2019-06-20 09:26:22,939 :: INFO :: [O] Insertion de donnees
2019-06-20 09:26:22,979 :: INFO :: [O] Succes de la requete, 1 ligne(s) inseree
2019-06-20 09:26:22,979 :: INFO :: [O] Succes de la requete, 1 ligne(s) inseree
2019-06-20 09:26:22,983 :: INFO :: Succès de l'insertion des donnees
2019-06-20 09:26:22,983 :: INFO :: Succès de l'insertion des donnees
2019-06-20 09:26:22,985 :: INFO :: [O] Connection a la base de donnees
2019-06-20 09:26:22,985 :: INFO :: [O] Connection a la base de donnees
2019-06-20 09:26:22,990 :: INFO :: [O] Succes de la connection a la base de donnees
2019-06-20 09:26:22,990 :: INFO :: [O] Succes de la connection a la base de donnees
2019-06-20 09:26:22,992 :: INFO :: [O] Suppression des donnees datant de plus d'1 semaine
2019-06-20 09:26:22,992 :: INFO :: [O] Suppression des donnees datant de plus d'1 semaine
2019-06-20 09:26:22,998 :: INFO :: [O] Succes de la requete, 0 ligne(s) effacee
2019-06-20 09:26:22,998 :: INFO :: [O] Succes de la requete, 0 ligne(s) effacee
2019-06-20 09:26:23,001 :: INFO :: Pas de donnees à supprimer
2019-06-20 09:26:23,001 :: INFO :: Pas de donnees à supprimer
2019-06-20 09:26:34,936 :: INFO :: [O] Connection a la base de donnees
2019-06-20 09:26:34,936 :: INFO :: [O] Connection a la base de donnees
2019-06-20 09:26:34,946 :: INFO :: [O] Succes de la connection a la base de donnees
2019-06-20 09:26:34,946 :: INFO :: [O] Succes de la connection a la base de donnees
2019-06-20 09:26:34,949 :: INFO :: [O] Insertion de donnees
2019-06-20 09:26:34,949 :: INFO :: [O] Insertion de donnees
2019-06-20 09:26:34,979 :: INFO :: [O] Succes de la requete, 1 ligne(s) inseree
2019-06-20 09:26:34,979 :: INFO :: [O] Succes de la requete, 1 ligne(s) inseree
2019-06-20 09:26:34,983 :: INFO :: Succès de l'insertion des donnees
2019-06-20 09:26:34,983 :: INFO :: Succès de l'insertion des donnees
2019-06-20 09:26:34,985 :: INFO :: [O] Connection a la base de donnees
2019-06-20 09:26:34,985 :: INFO :: [O] Connection a la base de donnees
2019-06-20 09:26:34,992 :: INFO :: [O] Succes de la connection a la base de donnees
2019-06-20 09:26:34,992 :: INFO :: [O] Succes de la connection a la base de donnees
2019-06-20 09:26:34,994 :: INFO :: [O] Suppression des donnees datant de plus d'1 semaine
2019-06-20 09:26:34,994 :: INFO :: [O] Suppression des donnees datant de plus d'1 semaine
2019-06-20 09:26:35,000 :: INFO :: [O] Succes de la requete, 0 ligne(s) effacee
2019-06-20 09:26:35,000 :: INFO :: [O] Succes de la requete, 0 ligne(s) effacee
2019-06-20 09:26:35,003 :: INFO :: Pas de donnees à supprimer
2019-06-20 09:26:35,003 :: INFO :: Pas de donnees à supprimer
2019-06-20 09:56:53,130 :: INFO :: [O] Connection a la base de donnees
2019-06-20 09:56:53,130 :: INFO :: [O] Connection a la base de donnees
2019-06-20 09:56:53,174 :: INFO :: [O] Succes de la connection a la base de donnees
2019-06-20 09:56:53,174 :: INFO :: [O] Succes de la connection a la base de donnees
2019-06-20 09:56:53,177 :: INFO :: [O] Insertion de donnees
2019-06-20 09:56:53,177 :: INFO :: [O] Insertion de donnees
2019-06-20 09:56:53,236 :: INFO :: [O] Succes de la requete, 1 ligne(s) inseree
2019-06-20 09:56:53,236 :: INFO :: [O] Succes de la requete, 1 ligne(s) inseree
2019-06-20 09:56:53,238 :: INFO :: Succès de l'insertion des donnees
2019-06-20 09:56:53,238 :: INFO :: Succès de l'insertion des donnees
2019-06-20 09:56:53,240 :: INFO :: [O] Connection a la base de donnees
2019-06-20 09:56:53,240 :: INFO :: [O] Connection a la base de donnees
2019-06-20 09:56:53,244 :: INFO :: [O] Succes de la connection a la base de donnees
2019-06-20 09:56:53,244 :: INFO :: [O] Succes de la connection a la base de donnees
2019-06-20 09:56:53,255 :: INFO :: [O] Suppression des donnees datant de plus d'1 semaine
2019-06-20 09:56:53,255 :: INFO :: [O] Suppression des donnees datant de plus d'1 semaine
2019-06-20 09:56:53,259 :: INFO :: [O] Succes de la requete, 0 ligne(s) effacee
2019-06-20 09:56:53,259 :: INFO :: [O] Succes de la requete, 0 ligne(s) effacee
2019-06-20 09:56:53,261 :: INFO :: Pas de donnees à supprimer
2019-06-20 09:56:53,261 :: INFO :: Pas de donnees à supprimer
2019-06-20 09:58:32,911 :: INFO ::  * Running on http://127.0.0.1:5000/ (Press CTRL+C to quit)
2019-06-20 09:58:39,762 :: INFO :: [O] Connection a la base de donnees
2019-06-20 09:58:39,781 :: INFO :: [O] Succes de la connection a la base de donnees
2019-06-20 09:58:39,874 :: INFO :: [O] Recuperation de l'ensemble des donnees de la table
2019-06-20 09:58:39,938 :: INFO :: [O] Succes de la requete, 1 ligne(s) recuperee
2019-06-20 09:58:40,370 :: INFO :: 127.0.0.1 - - [20/Jun/2019 09:58:40] "POST / HTTP/1.1" 500 -
2019-06-20 09:59:26,612 :: INFO ::  * Running on http://127.0.0.1:5000/ (Press CTRL+C to quit)
2019-06-20 09:59:31,803 :: INFO :: [O] Connection a la base de donnees
2019-06-20 09:59:31,822 :: INFO :: [O] Succes de la connection a la base de donnees
2019-06-20 09:59:31,824 :: INFO :: [O] Recuperation de l'ensemble des donnees de la table
2019-06-20 09:59:31,833 :: INFO :: [O] Succes de la requete, 1 ligne(s) recuperee
2019-06-20 09:59:31,858 :: INFO :: 127.0.0.1 - - [20/Jun/2019 09:59:31] "POST / HTTP/1.1" 500 -
2019-06-20 10:01:05,346 :: INFO ::  * Running on http://127.0.0.1:5000/ (Press CTRL+C to quit)
2019-06-20 10:01:08,091 :: INFO :: [O] Connection a la base de donnees
2019-06-20 10:01:08,110 :: INFO :: [O] Succes de la connection a la base de donnees
2019-06-20 10:01:08,112 :: INFO :: [O] Recuperation de l'ensemble des donnees de la table
2019-06-20 10:01:08,120 :: INFO :: [O] Succes de la requete, 1 ligne(s) recuperee
2019-06-20 10:01:08,170 :: INFO :: 127.0.0.1 - - [20/Jun/2019 10:01:08] "POST / HTTP/1.1" 200 -
2019-06-20 10:01:08,317 :: INFO :: 127.0.0.1 - - [20/Jun/2019 10:01:08] "GET /static/Button3.png HTTP/1.1" 200 -
2019-06-20 10:01:08,335 :: INFO :: 127.0.0.1 - - [20/Jun/2019 10:01:08] "GET /static/gif_meteo.gif HTTP/1.1" 200 -
2019-06-20 10:05:08,999 :: INFO ::  * Running on http://127.0.0.1:5000/ (Press CTRL+C to quit)
2019-06-20 10:05:14,837 :: INFO :: [O] Connection a la base de donnees
2019-06-20 10:05:14,862 :: INFO :: [O] Succes de la connection a la base de donnees
2019-06-20 10:05:14,864 :: INFO :: [O] Recuperation de l'ensemble des donnees de la table
2019-06-20 10:05:14,873 :: INFO :: [O] Succes de la requete, 1 ligne(s) recuperee
2019-06-20 10:05:14,901 :: INFO :: 127.0.0.1 - - [20/Jun/2019 10:05:14] "POST / HTTP/1.1" 500 -
2019-06-20 10:06:00,601 :: INFO ::  * Running on http://127.0.0.1:5000/ (Press CTRL+C to quit)
2019-06-20 10:06:02,576 :: INFO :: 127.0.0.1 - - [20/Jun/2019 10:06:02] "GET / HTTP/1.1" 200 -
2019-06-20 10:06:05,994 :: INFO :: [O] Connection a la base de donnees
2019-06-20 10:06:06,008 :: INFO :: [O] Succes de la connection a la base de donnees
2019-06-20 10:06:06,011 :: INFO :: [O] Recuperation de l'ensemble des donnees de la table
2019-06-20 10:06:06,025 :: INFO :: [O] Succes de la requete, 1 ligne(s) recuperee
2019-06-20 10:06:06,032 :: INFO :: [O] Connection a la base de donnees
2019-06-20 10:06:06,040 :: INFO :: [O] Succes de la connection a la base de donnees
2019-06-20 10:06:06,042 :: INFO :: [O] Recuperation de l'ensemble des donnees de la table
2019-06-20 10:06:06,049 :: INFO :: [O] Succes de la requete, 9 ligne(s) recuperee
2019-06-20 10:06:06,052 :: INFO :: Ecriture de 9 jeux de donnees dans history.txt
2019-06-20 10:06:06,055 :: INFO :: Fichier history.txt genere
2019-06-20 10:06:06,076 :: INFO :: 127.0.0.1 - - [20/Jun/2019 10:06:06] "POST / HTTP/1.1" 200 -
2019-06-20 10:06:08,773 :: INFO :: 127.0.0.1 - - [20/Jun/2019 10:06:08] "GET /static/Button3.png HTTP/1.1" 200 -
2019-06-20 10:08:06,993 :: INFO ::  * Running on http://127.0.0.1:5000/ (Press CTRL+C to quit)
2019-06-20 10:08:12,120 :: INFO :: [O] Connection a la base de donnees
2019-06-20 10:08:12,138 :: INFO :: [O] Succes de la connection a la base de donnees
2019-06-20 10:08:12,140 :: INFO :: [O] Recuperation de l'ensemble des donnees de la table
2019-06-20 10:08:12,146 :: INFO :: [O] Succes de la requete, 1 ligne(s) recuperee
2019-06-20 10:08:12,151 :: INFO :: [O] Connection a la base de donnees
2019-06-20 10:08:12,164 :: INFO :: [O] Succes de la connection a la base de donnees
2019-06-20 10:08:12,166 :: INFO :: [O] Recuperation de l'ensemble des donnees de la table
2019-06-20 10:08:12,182 :: INFO :: [O] Succes de la requete, 9 ligne(s) recuperee
2019-06-20 10:08:12,187 :: INFO :: Ecriture de 9 jeux de donnees dans history.txt
2019-06-20 10:08:12,191 :: INFO :: Fichier history.txt genere
2019-06-20 10:08:12,238 :: INFO :: 127.0.0.1 - - [20/Jun/2019 10:08:12] "POST / HTTP/1.1" 200 -
2019-06-20 10:08:13,479 :: INFO :: 127.0.0.1 - - [20/Jun/2019 10:08:13] "GET /static/Button3.png HTTP/1.1" 200 -
2019-06-20 10:08:35,816 :: INFO ::  * Running on http://127.0.0.1:5000/ (Press CTRL+C to quit)
2019-06-20 10:08:39,488 :: INFO :: [O] Connection a la base de donnees
2019-06-20 10:08:39,507 :: INFO :: [O] Succes de la connection a la base de donnees
2019-06-20 10:08:39,510 :: INFO :: [O] Recuperation de l'ensemble des donnees de la table
2019-06-20 10:08:39,525 :: INFO :: [O] Succes de la requete, 1 ligne(s) recuperee
2019-06-20 10:08:39,532 :: INFO :: [O] Connection a la base de donnees
2019-06-20 10:08:39,542 :: INFO :: [O] Succes de la connection a la base de donnees
2019-06-20 10:08:39,544 :: INFO :: [O] Recuperation de l'ensemble des donnees de la table
2019-06-20 10:08:39,551 :: INFO :: [O] Succes de la requete, 9 ligne(s) recuperee
2019-06-20 10:08:39,555 :: INFO :: Ecriture de 9 jeux de donnees dans history.txt
2019-06-20 10:08:39,562 :: INFO :: Fichier history.txt genere
2019-06-20 10:08:39,608 :: INFO :: 127.0.0.1 - - [20/Jun/2019 10:08:39] "POST / HTTP/1.1" 200 -
2019-06-20 10:08:40,903 :: INFO :: 127.0.0.1 - - [20/Jun/2019 10:08:40] "GET /static/Button3.png HTTP/1.1" 200 -
2019-06-20 10:09:27,397 :: INFO ::  * Running on http://127.0.0.1:5000/ (Press CTRL+C to quit)
2019-06-20 10:09:30,754 :: INFO :: [O] Connection a la base de donnees
2019-06-20 10:09:30,764 :: INFO :: [O] Succes de la connection a la base de donnees
2019-06-20 10:09:30,766 :: INFO :: [O] Recuperation de l'ensemble des donnees de la table
2019-06-20 10:09:30,775 :: INFO :: [O] Succes de la requete, 1 ligne(s) recuperee
2019-06-20 10:09:30,781 :: INFO :: [O] Connection a la base de donnees
2019-06-20 10:09:30,792 :: INFO :: [O] Succes de la connection a la base de donnees
2019-06-20 10:09:30,794 :: INFO :: [O] Recuperation de l'ensemble des donnees de la table
2019-06-20 10:09:30,800 :: INFO :: [O] Succes de la requete, 9 ligne(s) recuperee
2019-06-20 10:09:30,804 :: INFO :: Ecriture de 9 jeux de donnees dans history.txt
2019-06-20 10:09:30,810 :: INFO :: Fichier history.txt genere
2019-06-20 10:09:30,865 :: INFO :: 127.0.0.1 - - [20/Jun/2019 10:09:30] "POST / HTTP/1.1" 200 -
2019-06-20 10:09:31,897 :: INFO :: 127.0.0.1 - - [20/Jun/2019 10:09:31] "GET /static/Button3.png HTTP/1.1" 200 -
2019-06-20 10:11:04,694 :: INFO ::  * Running on http://127.0.0.1:5000/ (Press CTRL+C to quit)
2019-06-20 10:11:09,010 :: INFO :: 127.0.0.1 - - [20/Jun/2019 10:11:09] "GET /static/Button3.png HTTP/1.1" 200 -
2019-06-20 10:13:54,393 :: INFO ::  * Running on http://127.0.0.1:5000/ (Press CTRL+C to quit)
2019-06-20 10:14:51,706 :: INFO ::  * Running on http://127.0.0.1:5000/ (Press CTRL+C to quit)
2019-06-20 10:15:06,014 :: INFO :: [O] Connection a la base de donnees
2019-06-20 10:15:06,032 :: INFO :: [O] Succes de la connection a la base de donnees
2019-06-20 10:15:06,034 :: INFO :: [O] Recuperation de l'ensemble des donnees de la table
2019-06-20 10:15:06,048 :: INFO :: [O] Succes de la requete, 1 ligne(s) recuperee
2019-06-20 10:15:06,059 :: INFO :: [O] Connection a la base de donnees
2019-06-20 10:15:06,070 :: INFO :: [O] Succes de la connection a la base de donnees
2019-06-20 10:15:06,072 :: INFO :: [O] Recuperation de l'ensemble des donnees de la table
2019-06-20 10:15:06,083 :: INFO :: [O] Succes de la requete, 9 ligne(s) recuperee
2019-06-20 10:15:06,091 :: INFO :: Ecriture de 9 jeux de donnees dans history.txt
2019-06-20 10:15:06,107 :: INFO :: Fichier history.txt genere
2019-06-20 10:15:06,168 :: INFO :: 127.0.0.1 - - [20/Jun/2019 10:15:06] "POST / HTTP/1.1" 200 -
2019-06-20 10:15:07,309 :: INFO :: 127.0.0.1 - - [20/Jun/2019 10:15:07] "GET /static/Button3.png HTTP/1.1" 200 -
2019-06-20 10:16:05,632 :: INFO ::  * Running on http://127.0.0.1:5000/ (Press CTRL+C to quit)
2019-06-20 10:16:16,247 :: INFO :: 127.0.0.1 - - [20/Jun/2019 10:16:16] "GET / HTTP/1.1" 200 -
2019-06-20 10:16:21,496 :: INFO :: [O] Connection a la base de donnees
2019-06-20 10:16:21,512 :: INFO :: [O] Succes de la connection a la base de donnees
2019-06-20 10:16:21,514 :: INFO :: [O] Recuperation de l'ensemble des donnees de la table
2019-06-20 10:16:21,527 :: INFO :: [O] Succes de la requete, 1 ligne(s) recuperee
2019-06-20 10:16:21,533 :: INFO :: [O] Connection a la base de donnees
2019-06-20 10:16:21,549 :: INFO :: [O] Succes de la connection a la base de donnees
2019-06-20 10:16:21,551 :: INFO :: [O] Recuperation de l'ensemble des donnees de la table
2019-06-20 10:16:21,560 :: INFO :: [O] Succes de la requete, 9 ligne(s) recuperee
2019-06-20 10:16:21,564 :: INFO :: Ecriture de 9 jeux de donnees dans history.txt
2019-06-20 10:16:21,572 :: INFO :: Fichier history.txt genere
2019-06-20 10:16:21,593 :: INFO :: 127.0.0.1 - - [20/Jun/2019 10:16:21] "POST / HTTP/1.1" 200 -
2019-06-20 10:16:49,936 :: INFO :: 127.0.0.1 - - [20/Jun/2019 10:16:49] "GET /static/Button3.png HTTP/1.1" 200 -
2019-06-20 10:17:44,361 :: INFO :: [O] Connection a la base de donnees
2019-06-20 10:17:44,369 :: INFO :: [O] Succes de la connection a la base de donnees
2019-06-20 10:17:44,370 :: INFO :: [O] Recuperation de l'ensemble des donnees de la table
2019-06-20 10:17:44,377 :: INFO :: [O] Succes de la requete, 1 ligne(s) recuperee
2019-06-20 10:17:44,382 :: INFO :: [O] Connection a la base de donnees
2019-06-20 10:17:44,388 :: INFO :: [O] Succes de la connection a la base de donnees
2019-06-20 10:17:44,390 :: INFO :: [O] Recuperation de l'ensemble des donnees de la table
2019-06-20 10:17:44,410 :: INFO :: [O] Succes de la requete, 9 ligne(s) recuperee
2019-06-20 10:17:44,414 :: INFO :: Ecriture de 9 jeux de donnees dans history.txt
2019-06-20 10:17:44,420 :: INFO :: Fichier history.txt genere
2019-06-20 10:17:44,424 :: INFO :: 127.0.0.1 - - [20/Jun/2019 10:17:44] "POST / HTTP/1.1" 200 -
2019-06-20 10:19:26,693 :: INFO ::  * Running on http://127.0.0.1:5000/ (Press CTRL+C to quit)
2019-06-20 10:19:29,479 :: INFO :: 127.0.0.1 - - [20/Jun/2019 10:19:29] "GET / HTTP/1.1" 200 -
2019-06-20 10:19:33,349 :: INFO :: [O] Connection a la base de donnees
2019-06-20 10:19:33,605 :: INFO :: [O] Succes de la connection a la base de donnees
2019-06-20 10:19:33,606 :: INFO :: [O] Recuperation de l'ensemble des donnees de la table
2019-06-20 10:19:33,612 :: INFO :: [O] Succes de la requete, 1 ligne(s) recuperee
2019-06-20 10:19:33,614 :: INFO :: [O] Connection a la base de donnees
2019-06-20 10:19:33,618 :: INFO :: [O] Succes de la connection a la base de donnees
2019-06-20 10:19:33,619 :: INFO :: [O] Recuperation de l'ensemble des donnees de la table
2019-06-20 10:19:33,624 :: INFO :: [O] Succes de la requete, 9 ligne(s) recuperee
2019-06-20 10:19:33,627 :: INFO :: Ecriture de 9 jeux de donnees dans history.txt
2019-06-20 10:19:33,630 :: INFO :: Fichier history.txt genere
2019-06-20 10:19:33,648 :: INFO :: 127.0.0.1 - - [20/Jun/2019 10:19:33] "POST / HTTP/1.1" 200 -
2019-06-20 10:19:35,693 :: INFO :: 127.0.0.1 - - [20/Jun/2019 10:19:35] "GET /history.txt HTTP/1.1" 404 -
2019-06-20 10:20:20,576 :: INFO ::  * Running on http://127.0.0.1:5000/ (Press CTRL+C to quit)
2019-06-20 10:20:22,655 :: INFO :: 127.0.0.1 - - [20/Jun/2019 10:20:22] "GET / HTTP/1.1" 200 -
2019-06-20 10:20:26,809 :: INFO :: [O] Connection a la base de donnees
2019-06-20 10:20:26,820 :: INFO :: [O] Succes de la connection a la base de donnees
2019-06-20 10:20:26,822 :: INFO :: [O] Recuperation de l'ensemble des donnees de la table
2019-06-20 10:20:26,833 :: INFO :: [O] Succes de la requete, 1 ligne(s) recuperee
2019-06-20 10:20:26,837 :: INFO :: [O] Connection a la base de donnees
2019-06-20 10:20:26,846 :: INFO :: [O] Succes de la connection a la base de donnees
2019-06-20 10:20:26,848 :: INFO :: [O] Recuperation de l'ensemble des donnees de la table
2019-06-20 10:20:26,856 :: INFO :: [O] Succes de la requete, 9 ligne(s) recuperee
2019-06-20 10:20:26,860 :: INFO :: Ecriture de 9 jeux de donnees dans history.txt
2019-06-20 10:20:26,863 :: INFO :: Fichier history.txt genere
2019-06-20 10:20:26,882 :: INFO :: 127.0.0.1 - - [20/Jun/2019 10:20:26] "POST / HTTP/1.1" 200 -
2019-06-20 10:20:29,471 :: INFO :: 127.0.0.1 - - [20/Jun/2019 10:20:29] "GET /history.txt HTTP/1.1" 404 -
2019-06-20 10:22:29,120 :: INFO ::  * Running on http://127.0.0.1:5000/ (Press CTRL+C to quit)
2019-06-20 10:22:32,481 :: INFO :: 127.0.0.1 - - [20/Jun/2019 10:22:32] "GET / HTTP/1.1" 200 -
2019-06-20 10:22:36,572 :: INFO :: [O] Connection a la base de donnees
2019-06-20 10:22:36,584 :: INFO :: [O] Succes de la connection a la base de donnees
2019-06-20 10:22:36,599 :: INFO :: [O] Recuperation de l'ensemble des donnees de la table
2019-06-20 10:22:36,614 :: INFO :: [O] Succes de la requete, 1 ligne(s) recuperee
2019-06-20 10:22:36,624 :: INFO :: [O] Connection a la base de donnees
2019-06-20 10:22:36,633 :: INFO :: [O] Succes de la connection a la base de donnees
2019-06-20 10:22:36,635 :: INFO :: [O] Recuperation de l'ensemble des donnees de la table
2019-06-20 10:22:36,646 :: INFO :: [O] Succes de la requete, 9 ligne(s) recuperee
2019-06-20 10:22:36,657 :: INFO :: Ecriture de 9 jeux de donnees dans history.txt
2019-06-20 10:22:36,662 :: INFO :: Fichier history.txt genere
2019-06-20 10:22:36,708 :: INFO :: 127.0.0.1 - - [20/Jun/2019 10:22:36] "POST / HTTP/1.1" 200 -
2019-06-20 10:22:38,326 :: INFO :: 127.0.0.1 - - [20/Jun/2019 10:22:38] "GET /templates/history.txt HTTP/1.1" 404 -
2019-06-20 10:23:40,908 :: INFO ::  * Running on http://127.0.0.1:5000/ (Press CTRL+C to quit)
2019-06-20 10:23:47,631 :: INFO :: 127.0.0.1 - - [20/Jun/2019 10:23:47] "GET / HTTP/1.1" 200 -
2019-06-20 10:23:50,956 :: INFO :: [O] Connection a la base de donnees
2019-06-20 10:23:50,966 :: INFO :: [O] Succes de la connection a la base de donnees
2019-06-20 10:23:50,975 :: INFO :: [O] Recuperation de l'ensemble des donnees de la table
2019-06-20 10:23:50,993 :: INFO :: [O] Succes de la requete, 1 ligne(s) recuperee
2019-06-20 10:23:51,000 :: INFO :: [O] Connection a la base de donnees
2019-06-20 10:23:51,011 :: INFO :: [O] Succes de la connection a la base de donnees
2019-06-20 10:23:51,014 :: INFO :: [O] Recuperation de l'ensemble des donnees de la table
2019-06-20 10:23:51,025 :: INFO :: [O] Succes de la requete, 9 ligne(s) recuperee
2019-06-20 10:23:51,032 :: INFO :: Ecriture de 9 jeux de donnees dans history.txt
2019-06-20 10:23:51,039 :: INFO :: Fichier history.txt genere
2019-06-20 10:23:51,069 :: INFO :: 127.0.0.1 - - [20/Jun/2019 10:23:51] "POST / HTTP/1.1" 200 -
2019-06-20 10:23:52,730 :: INFO :: 127.0.0.1 - - [20/Jun/2019 10:23:52] "GET /history.txt HTTP/1.1" 404 -
2019-06-20 10:24:11,586 :: INFO :: 127.0.0.1 - - [20/Jun/2019 10:24:11] "GET / HTTP/1.1" 200 -
2019-06-20 10:24:14,896 :: INFO :: [O] Connection a la base de donnees
2019-06-20 10:24:14,906 :: INFO :: [O] Succes de la connection a la base de donnees
2019-06-20 10:24:14,909 :: INFO :: [O] Recuperation de l'ensemble des donnees de la table
2019-06-20 10:24:14,919 :: INFO :: [O] Succes de la requete, 1 ligne(s) recuperee
2019-06-20 10:24:14,924 :: INFO :: [O] Connection a la base de donnees
2019-06-20 10:24:14,934 :: INFO :: [O] Succes de la connection a la base de donnees
2019-06-20 10:24:14,936 :: INFO :: [O] Recuperation de l'ensemble des donnees de la table
2019-06-20 10:24:14,948 :: INFO :: [O] Succes de la requete, 9 ligne(s) recuperee
2019-06-20 10:24:14,957 :: INFO :: Ecriture de 9 jeux de donnees dans history.txt
2019-06-20 10:24:14,966 :: INFO :: Fichier history.txt genere
2019-06-20 10:24:14,973 :: INFO :: 127.0.0.1 - - [20/Jun/2019 10:24:14] "POST / HTTP/1.1" 200 -
2019-06-20 10:24:16,503 :: INFO :: 127.0.0.1 - - [20/Jun/2019 10:24:16] "GET /history.txt HTTP/1.1" 404 -
2019-06-20 10:25:02,026 :: INFO ::  * Running on http://127.0.0.1:5000/ (Press CTRL+C to quit)
2019-06-20 10:25:07,783 :: INFO :: 127.0.0.1 - - [20/Jun/2019 10:25:07] "GET /h HTTP/1.1" 404 -
2019-06-20 10:25:09,726 :: INFO :: 127.0.0.1 - - [20/Jun/2019 10:25:09] "GET / HTTP/1.1" 200 -
2019-06-20 10:25:12,889 :: INFO :: [O] Connection a la base de donnees
2019-06-20 10:25:12,910 :: INFO :: [O] Succes de la connection a la base de donnees
2019-06-20 10:25:12,912 :: INFO :: [O] Recuperation de l'ensemble des donnees de la table
2019-06-20 10:25:12,925 :: INFO :: [O] Succes de la requete, 1 ligne(s) recuperee
2019-06-20 10:25:12,929 :: INFO :: [O] Connection a la base de donnees
2019-06-20 10:25:12,936 :: INFO :: [O] Succes de la connection a la base de donnees
2019-06-20 10:25:12,937 :: INFO :: [O] Recuperation de l'ensemble des donnees de la table
2019-06-20 10:25:12,942 :: INFO :: [O] Succes de la requete, 9 ligne(s) recuperee
2019-06-20 10:25:12,945 :: INFO :: Ecriture de 9 jeux de donnees dans history.txt
2019-06-20 10:25:12,948 :: INFO :: Fichier history.txt genere
2019-06-20 10:25:12,969 :: INFO :: 127.0.0.1 - - [20/Jun/2019 10:25:12] "POST / HTTP/1.1" 200 -
2019-06-20 10:25:14,768 :: INFO :: 127.0.0.1 - - [20/Jun/2019 10:25:14] "GET /history.txt HTTP/1.1" 404 -
2019-06-20 10:26:23,035 :: INFO ::  * Running on http://127.0.0.1:5000/ (Press CTRL+C to quit)
2019-06-20 10:26:27,608 :: INFO :: 127.0.0.1 - - [20/Jun/2019 10:26:27] "GET / HTTP/1.1" 200 -
2019-06-20 10:26:32,238 :: INFO :: [O] Connection a la base de donnees
2019-06-20 10:26:32,251 :: INFO :: [O] Succes de la connection a la base de donnees
2019-06-20 10:26:32,258 :: INFO :: [O] Recuperation de l'ensemble des donnees de la table
2019-06-20 10:26:32,266 :: INFO :: [O] Succes de la requete, 1 ligne(s) recuperee
2019-06-20 10:26:32,270 :: INFO :: [O] Connection a la base de donnees
2019-06-20 10:26:32,281 :: INFO :: [O] Succes de la connection a la base de donnees
2019-06-20 10:26:32,282 :: INFO :: [O] Recuperation de l'ensemble des donnees de la table
2019-06-20 10:26:32,290 :: INFO :: [O] Succes de la requete, 9 ligne(s) recuperee
2019-06-20 10:26:32,293 :: INFO :: Ecriture de 9 jeux de donnees dans history.txt
2019-06-20 10:26:32,296 :: INFO :: Fichier history.txt genere
2019-06-20 10:26:32,320 :: INFO :: 127.0.0.1 - - [20/Jun/2019 10:26:32] "POST / HTTP/1.1" 200 -
2019-06-20 10:26:34,145 :: INFO :: 127.0.0.1 - - [20/Jun/2019 10:26:34] "GET /templates/history.txt HTTP/1.1" 404 -
2019-06-20 10:27:06,615 :: INFO ::  * Running on http://127.0.0.1:5000/ (Press CTRL+C to quit)
2019-06-20 10:27:09,443 :: INFO :: 127.0.0.1 - - [20/Jun/2019 10:27:09] "GET / HTTP/1.1" 200 -
2019-06-20 10:27:15,134 :: INFO :: [O] Connection a la base de donnees
2019-06-20 10:27:15,150 :: INFO :: [O] Succes de la connection a la base de donnees
2019-06-20 10:27:15,153 :: INFO :: [O] Recuperation de l'ensemble des donnees de la table
2019-06-20 10:27:15,167 :: INFO :: [O] Succes de la requete, 1 ligne(s) recuperee
2019-06-20 10:27:15,171 :: INFO :: [O] Connection a la base de donnees
2019-06-20 10:27:15,179 :: INFO :: [O] Succes de la connection a la base de donnees
2019-06-20 10:27:15,180 :: INFO :: [O] Recuperation de l'ensemble des donnees de la table
2019-06-20 10:27:15,189 :: INFO :: [O] Succes de la requete, 9 ligne(s) recuperee
2019-06-20 10:27:15,195 :: INFO :: Ecriture de 9 jeux de donnees dans history.txt
2019-06-20 10:27:15,216 :: INFO :: Fichier history.txt genere
2019-06-20 10:27:15,242 :: INFO :: 127.0.0.1 - - [20/Jun/2019 10:27:15] "POST / HTTP/1.1" 200 -
2019-06-20 10:27:17,396 :: INFO :: 127.0.0.1 - - [20/Jun/2019 10:27:17] "GET /templates/history.txt HTTP/1.1" 404 -
2019-06-20 10:28:26,311 :: INFO ::  * Running on http://127.0.0.1:5000/ (Press CTRL+C to quit)
2019-06-20 10:28:33,139 :: INFO :: 127.0.0.1 - - [20/Jun/2019 10:28:33] "GET / HTTP/1.1" 200 -
2019-06-20 10:28:36,605 :: INFO :: [O] Connection a la base de donnees
2019-06-20 10:28:36,616 :: INFO :: [O] Succes de la connection a la base de donnees
2019-06-20 10:28:36,624 :: INFO :: [O] Recuperation de l'ensemble des donnees de la table
2019-06-20 10:28:36,647 :: INFO :: [O] Succes de la requete, 1 ligne(s) recuperee
2019-06-20 10:28:36,651 :: INFO :: [O] Connection a la base de donnees
2019-06-20 10:28:36,662 :: INFO :: [O] Succes de la connection a la base de donnees
2019-06-20 10:28:36,664 :: INFO :: [O] Recuperation de l'ensemble des donnees de la table
2019-06-20 10:28:36,677 :: INFO :: [O] Succes de la requete, 9 ligne(s) recuperee
2019-06-20 10:28:36,687 :: INFO :: Ecriture de 9 jeux de donnees dans history.txt
2019-06-20 10:28:36,712 :: INFO :: 127.0.0.1 - - [20/Jun/2019 10:28:36] "POST / HTTP/1.1" 500 -
2019-06-20 10:28:55,489 :: INFO :: 127.0.0.1 - - [20/Jun/2019 10:28:55] "GET / HTTP/1.1" 200 -
2019-06-20 10:28:59,093 :: INFO :: [O] Connection a la base de donnees
2019-06-20 10:28:59,099 :: INFO :: [O] Succes de la connection a la base de donnees
2019-06-20 10:28:59,107 :: INFO :: [O] Recuperation de l'ensemble des donnees de la table
2019-06-20 10:28:59,116 :: INFO :: [O] Succes de la requete, 1 ligne(s) recuperee
2019-06-20 10:28:59,121 :: INFO :: [O] Connection a la base de donnees
2019-06-20 10:28:59,136 :: INFO :: [O] Succes de la connection a la base de donnees
2019-06-20 10:28:59,138 :: INFO :: [O] Recuperation de l'ensemble des donnees de la table
2019-06-20 10:28:59,148 :: INFO :: [O] Succes de la requete, 9 ligne(s) recuperee
2019-06-20 10:28:59,153 :: INFO :: Ecriture de 9 jeux de donnees dans history.txt
2019-06-20 10:28:59,156 :: INFO :: Fichier history.txt genere
2019-06-20 10:28:59,176 :: INFO :: 127.0.0.1 - - [20/Jun/2019 10:28:59] "POST / HTTP/1.1" 200 -
2019-06-20 10:29:00,766 :: INFO :: 127.0.0.1 - - [20/Jun/2019 10:29:00] "GET /templates/history.txt HTTP/1.1" 404 -
2019-06-20 10:29:31,510 :: INFO ::  * Running on http://127.0.0.1:5000/ (Press CTRL+C to quit)
2019-06-20 10:29:32,849 :: INFO :: 127.0.0.1 - - [20/Jun/2019 10:29:32] "GET / HTTP/1.1" 200 -
2019-06-20 10:29:36,352 :: INFO :: [O] Connection a la base de donnees
2019-06-20 10:29:36,362 :: INFO :: [O] Succes de la connection a la base de donnees
2019-06-20 10:29:36,363 :: INFO :: [O] Recuperation de l'ensemble des donnees de la table
2019-06-20 10:29:36,371 :: INFO :: [O] Succes de la requete, 1 ligne(s) recuperee
2019-06-20 10:29:36,377 :: INFO :: [O] Connection a la base de donnees
2019-06-20 10:29:36,390 :: INFO :: [O] Succes de la connection a la base de donnees
2019-06-20 10:29:36,392 :: INFO :: [O] Recuperation de l'ensemble des donnees de la table
2019-06-20 10:29:36,400 :: INFO :: [O] Succes de la requete, 9 ligne(s) recuperee
2019-06-20 10:29:36,404 :: INFO :: Ecriture de 9 jeux de donnees dans history.txt
2019-06-20 10:29:36,407 :: INFO :: Fichier history.txt genere
2019-06-20 10:29:36,427 :: INFO :: 127.0.0.1 - - [20/Jun/2019 10:29:36] "POST / HTTP/1.1" 200 -
2019-06-20 10:29:37,947 :: INFO :: 127.0.0.1 - - [20/Jun/2019 10:29:37] "GET /history.txt HTTP/1.1" 404 -
2019-06-20 10:30:03,875 :: INFO ::  * Running on http://127.0.0.1:5000/ (Press CTRL+C to quit)
2019-06-20 10:30:06,147 :: INFO :: 127.0.0.1 - - [20/Jun/2019 10:30:06] "GET / HTTP/1.1" 200 -
2019-06-20 10:30:09,570 :: INFO :: [O] Connection a la base de donnees
2019-06-20 10:30:09,588 :: INFO :: [O] Succes de la connection a la base de donnees
2019-06-20 10:30:09,592 :: INFO :: [O] Recuperation de l'ensemble des donnees de la table
2019-06-20 10:30:09,608 :: INFO :: [O] Succes de la requete, 1 ligne(s) recuperee
2019-06-20 10:30:09,620 :: INFO :: [O] Connection a la base de donnees
2019-06-20 10:30:09,632 :: INFO :: [O] Succes de la connection a la base de donnees
2019-06-20 10:30:09,634 :: INFO :: [O] Recuperation de l'ensemble des donnees de la table
2019-06-20 10:30:09,652 :: INFO :: [O] Succes de la requete, 9 ligne(s) recuperee
2019-06-20 10:30:09,660 :: INFO :: Ecriture de 9 jeux de donnees dans history.txt
2019-06-20 10:30:09,665 :: INFO :: Fichier history.txt genere
2019-06-20 10:30:09,686 :: INFO :: 127.0.0.1 - - [20/Jun/2019 10:30:09] "POST / HTTP/1.1" 200 -
2019-06-20 10:30:11,123 :: INFO :: 127.0.0.1 - - [20/Jun/2019 10:30:11] "GET /templates/history.txt HTTP/1.1" 404 -
2019-06-20 10:30:41,328 :: INFO ::  * Running on http://127.0.0.1:5000/ (Press CTRL+C to quit)
2019-06-20 10:30:42,896 :: INFO :: 127.0.0.1 - - [20/Jun/2019 10:30:42] "GET / HTTP/1.1" 200 -
2019-06-20 10:30:46,281 :: INFO :: [O] Connection a la base de donnees
2019-06-20 10:30:46,290 :: INFO :: [O] Succes de la connection a la base de donnees
2019-06-20 10:30:46,292 :: INFO :: [O] Recuperation de l'ensemble des donnees de la table
2019-06-20 10:30:46,304 :: INFO :: [O] Succes de la requete, 1 ligne(s) recuperee
2019-06-20 10:30:46,312 :: INFO :: [O] Connection a la base de donnees
2019-06-20 10:30:46,321 :: INFO :: [O] Succes de la connection a la base de donnees
2019-06-20 10:30:46,323 :: INFO :: [O] Recuperation de l'ensemble des donnees de la table
2019-06-20 10:30:46,329 :: INFO :: [O] Succes de la requete, 9 ligne(s) recuperee
2019-06-20 10:30:46,333 :: INFO :: Ecriture de 9 jeux de donnees dans history.txt
2019-06-20 10:30:46,343 :: INFO :: 127.0.0.1 - - [20/Jun/2019 10:30:46] "POST / HTTP/1.1" 500 -
2019-06-20 10:31:00,592 :: INFO ::  * Running on http://127.0.0.1:5000/ (Press CTRL+C to quit)
2019-06-20 10:31:01,539 :: INFO :: 127.0.0.1 - - [20/Jun/2019 10:31:01] "GET / HTTP/1.1" 200 -
2019-06-20 10:31:04,807 :: INFO :: [O] Connection a la base de donnees
2019-06-20 10:31:04,818 :: INFO :: [O] Succes de la connection a la base de donnees
2019-06-20 10:31:04,821 :: INFO :: [O] Recuperation de l'ensemble des donnees de la table
2019-06-20 10:31:04,836 :: INFO :: [O] Succes de la requete, 1 ligne(s) recuperee
2019-06-20 10:31:04,839 :: INFO :: [O] Connection a la base de donnees
2019-06-20 10:31:04,848 :: INFO :: [O] Succes de la connection a la base de donnees
2019-06-20 10:31:04,850 :: INFO :: [O] Recuperation de l'ensemble des donnees de la table
2019-06-20 10:31:04,856 :: INFO :: [O] Succes de la requete, 9 ligne(s) recuperee
2019-06-20 10:31:04,860 :: INFO :: Ecriture de 9 jeux de donnees dans history.txt
2019-06-20 10:31:04,866 :: INFO :: Fichier history.txt genere
2019-06-20 10:31:04,888 :: INFO :: 127.0.0.1 - - [20/Jun/2019 10:31:04] "POST / HTTP/1.1" 200 -
2019-06-20 10:31:06,486 :: INFO :: 127.0.0.1 - - [20/Jun/2019 10:31:06] "GET /templates/history.txt HTTP/1.1" 404 -
2019-06-20 10:31:33,905 :: INFO ::  * Running on http://127.0.0.1:5000/ (Press CTRL+C to quit)
2019-06-20 10:31:37,225 :: INFO :: [O] Connection a la base de donnees
2019-06-20 10:31:37,238 :: INFO :: [O] Succes de la connection a la base de donnees
2019-06-20 10:31:37,239 :: INFO :: [O] Recuperation de l'ensemble des donnees de la table
2019-06-20 10:31:37,250 :: INFO :: [O] Succes de la requete, 1 ligne(s) recuperee
2019-06-20 10:31:37,256 :: INFO :: [O] Connection a la base de donnees
2019-06-20 10:31:37,265 :: INFO :: [O] Succes de la connection a la base de donnees
2019-06-20 10:31:37,267 :: INFO :: [O] Recuperation de l'ensemble des donnees de la table
2019-06-20 10:31:37,278 :: INFO :: [O] Succes de la requete, 9 ligne(s) recuperee
2019-06-20 10:31:37,283 :: INFO :: Ecriture de 9 jeux de donnees dans history.txt
2019-06-20 10:31:37,286 :: INFO :: Fichier history.txt genere
2019-06-20 10:31:37,326 :: INFO :: 127.0.0.1 - - [20/Jun/2019 10:31:37] "POST / HTTP/1.1" 200 -
2019-06-20 10:31:38,916 :: INFO :: 127.0.0.1 - - [20/Jun/2019 10:31:38] "GET /templates/history.txt HTTP/1.1" 404 -
2019-06-20 10:33:33,312 :: INFO ::  * Running on http://127.0.0.1:5000/ (Press CTRL+C to quit)
2019-06-20 10:33:36,192 :: INFO :: 127.0.0.1 - - [20/Jun/2019 10:33:36] "GET / HTTP/1.1" 200 -
2019-06-20 10:33:39,691 :: INFO :: [O] Connection a la base de donnees
2019-06-20 10:33:39,703 :: INFO :: [O] Succes de la connection a la base de donnees
2019-06-20 10:33:39,706 :: INFO :: [O] Recuperation de l'ensemble des donnees de la table
2019-06-20 10:33:39,722 :: INFO :: [O] Succes de la requete, 1 ligne(s) recuperee
2019-06-20 10:33:39,727 :: INFO :: [O] Connection a la base de donnees
2019-06-20 10:33:39,738 :: INFO :: [O] Succes de la connection a la base de donnees
2019-06-20 10:33:39,741 :: INFO :: [O] Recuperation de l'ensemble des donnees de la table
2019-06-20 10:33:39,754 :: INFO :: [O] Succes de la requete, 9 ligne(s) recuperee
2019-06-20 10:33:39,760 :: INFO :: Ecriture de 9 jeux de donnees dans history.txt
2019-06-20 10:33:39,764 :: INFO :: Fichier history.txt genere
2019-06-20 10:33:39,789 :: INFO :: 127.0.0.1 - - [20/Jun/2019 10:33:39] "POST / HTTP/1.1" 200 -
2019-06-20 10:33:41,545 :: INFO :: 127.0.0.1 - - [20/Jun/2019 10:33:41] "GET /templates/button1.png HTTP/1.1" 404 -
2019-06-20 10:34:10,563 :: INFO ::  * Running on http://127.0.0.1:5000/ (Press CTRL+C to quit)
2019-06-20 10:34:13,313 :: INFO :: [O] Connection a la base de donnees
2019-06-20 10:34:13,329 :: INFO :: [O] Succes de la connection a la base de donnees
2019-06-20 10:34:13,331 :: INFO :: [O] Recuperation de l'ensemble des donnees de la table
2019-06-20 10:34:13,342 :: INFO :: [O] Succes de la requete, 1 ligne(s) recuperee
2019-06-20 10:34:13,350 :: INFO :: [O] Connection a la base de donnees
2019-06-20 10:34:13,363 :: INFO :: [O] Succes de la connection a la base de donnees
2019-06-20 10:34:13,365 :: INFO :: [O] Recuperation de l'ensemble des donnees de la table
2019-06-20 10:34:13,374 :: INFO :: [O] Succes de la requete, 9 ligne(s) recuperee
2019-06-20 10:34:13,377 :: INFO :: Ecriture de 9 jeux de donnees dans history.txt
2019-06-20 10:34:13,382 :: INFO :: Fichier history.txt genere
2019-06-20 10:34:13,433 :: INFO :: 127.0.0.1 - - [20/Jun/2019 10:34:13] "POST / HTTP/1.1" 200 -
2019-06-20 10:34:14,528 :: INFO :: 127.0.0.1 - - [20/Jun/2019 10:34:14] "GET /templates/button1.png HTTP/1.1" 404 -
2019-06-20 10:34:34,369 :: INFO ::  * Running on http://127.0.0.1:5000/ (Press CTRL+C to quit)
2019-06-20 10:34:38,021 :: INFO :: [O] Connection a la base de donnees
2019-06-20 10:34:38,040 :: INFO :: [O] Succes de la connection a la base de donnees
2019-06-20 10:34:38,043 :: INFO :: [O] Recuperation de l'ensemble des donnees de la table
2019-06-20 10:34:38,054 :: INFO :: [O] Succes de la requete, 1 ligne(s) recuperee
2019-06-20 10:34:38,061 :: INFO :: [O] Connection a la base de donnees
2019-06-20 10:34:38,072 :: INFO :: [O] Succes de la connection a la base de donnees
2019-06-20 10:34:38,073 :: INFO :: [O] Recuperation de l'ensemble des donnees de la table
2019-06-20 10:34:38,082 :: INFO :: [O] Succes de la requete, 9 ligne(s) recuperee
2019-06-20 10:34:38,090 :: INFO :: Ecriture de 9 jeux de donnees dans history.txt
2019-06-20 10:34:38,101 :: INFO :: Fichier history.txt genere
2019-06-20 10:34:38,145 :: INFO :: 127.0.0.1 - - [20/Jun/2019 10:34:38] "POST / HTTP/1.1" 200 -
2019-06-20 10:34:39,088 :: INFO :: 127.0.0.1 - - [20/Jun/2019 10:34:39] "GET /static/button1.png HTTP/1.1" 404 -
2019-06-20 10:34:56,968 :: INFO ::  * Running on http://127.0.0.1:5000/ (Press CTRL+C to quit)
2019-06-20 10:35:01,007 :: INFO :: [O] Connection a la base de donnees
2019-06-20 10:35:01,024 :: INFO :: [O] Succes de la connection a la base de donnees
2019-06-20 10:35:01,026 :: INFO :: [O] Recuperation de l'ensemble des donnees de la table
2019-06-20 10:35:01,036 :: INFO :: [O] Succes de la requete, 1 ligne(s) recuperee
2019-06-20 10:35:01,043 :: INFO :: [O] Connection a la base de donnees
2019-06-20 10:35:01,059 :: INFO :: [O] Succes de la connection a la base de donnees
2019-06-20 10:35:01,061 :: INFO :: [O] Recuperation de l'ensemble des donnees de la table
2019-06-20 10:35:01,070 :: INFO :: [O] Succes de la requete, 9 ligne(s) recuperee
2019-06-20 10:35:01,087 :: INFO :: Ecriture de 9 jeux de donnees dans history.txt
2019-06-20 10:35:01,097 :: INFO :: Fichier history.txt genere
2019-06-20 10:35:01,155 :: INFO :: 127.0.0.1 - - [20/Jun/2019 10:35:01] "POST / HTTP/1.1" 200 -
2019-06-20 10:35:02,661 :: INFO :: 127.0.0.1 - - [20/Jun/2019 10:35:02] "GET /static/button1.png HTTP/1.1" 404 -
2019-06-20 10:35:07,118 :: INFO :: [O] Connection a la base de donnees
2019-06-20 10:35:07,125 :: INFO :: [O] Succes de la connection a la base de donnees
2019-06-20 10:35:07,128 :: INFO :: [O] Recuperation de l'ensemble des donnees de la table
2019-06-20 10:35:07,135 :: INFO :: [O] Succes de la requete, 1 ligne(s) recuperee
2019-06-20 10:35:07,140 :: INFO :: [O] Connection a la base de donnees
2019-06-20 10:35:07,146 :: INFO :: [O] Succes de la connection a la base de donnees
2019-06-20 10:35:07,149 :: INFO :: [O] Recuperation de l'ensemble des donnees de la table
2019-06-20 10:35:07,167 :: INFO :: [O] Succes de la requete, 9 ligne(s) recuperee
2019-06-20 10:35:07,172 :: INFO :: Ecriture de 9 jeux de donnees dans history.txt
2019-06-20 10:35:07,175 :: INFO :: Fichier history.txt genere
2019-06-20 10:35:07,178 :: INFO :: 127.0.0.1 - - [20/Jun/2019 10:35:07] "POST / HTTP/1.1" 200 -
2019-06-20 10:35:08,011 :: INFO :: 127.0.0.1 - - [20/Jun/2019 10:35:08] "GET /static/button1.png HTTP/1.1" 404 -
2019-06-20 10:36:11,858 :: INFO ::  * Running on http://127.0.0.1:5000/ (Press CTRL+C to quit)
2019-06-20 10:36:16,043 :: INFO :: [O] Connection a la base de donnees
2019-06-20 10:36:16,062 :: INFO :: [O] Succes de la connection a la base de donnees
2019-06-20 10:36:16,063 :: INFO :: [O] Recuperation de l'ensemble des donnees de la table
2019-06-20 10:36:16,071 :: INFO :: [O] Succes de la requete, 1 ligne(s) recuperee
2019-06-20 10:36:16,077 :: INFO :: [O] Connection a la base de donnees
2019-06-20 10:36:16,087 :: INFO :: [O] Succes de la connection a la base de donnees
2019-06-20 10:36:16,089 :: INFO :: [O] Recuperation de l'ensemble des donnees de la table
2019-06-20 10:36:16,096 :: INFO :: [O] Succes de la requete, 9 ligne(s) recuperee
2019-06-20 10:36:16,101 :: INFO :: Ecriture de 9 jeux de donnees dans history.txt
2019-06-20 10:36:16,105 :: INFO :: Fichier history.txt genere
2019-06-20 10:36:16,156 :: INFO :: 127.0.0.1 - - [20/Jun/2019 10:36:16] "POST / HTTP/1.1" 200 -
2019-06-20 10:36:17,128 :: INFO :: 127.0.0.1 - - [20/Jun/2019 10:36:17] "GET /static/Button3.png HTTP/1.1" 200 -
2019-06-20 10:36:32,641 :: INFO ::  * Running on http://127.0.0.1:5000/ (Press CTRL+C to quit)
2019-06-20 10:36:36,912 :: INFO :: [O] Connection a la base de donnees
2019-06-20 10:36:36,926 :: INFO :: [O] Succes de la connection a la base de donnees
2019-06-20 10:36:36,928 :: INFO :: [O] Recuperation de l'ensemble des donnees de la table
2019-06-20 10:36:36,937 :: INFO :: [O] Succes de la requete, 1 ligne(s) recuperee
2019-06-20 10:36:36,945 :: INFO :: [O] Connection a la base de donnees
2019-06-20 10:36:36,963 :: INFO :: [O] Succes de la connection a la base de donnees
2019-06-20 10:36:36,965 :: INFO :: [O] Recuperation de l'ensemble des donnees de la table
2019-06-20 10:36:36,979 :: INFO :: [O] Succes de la requete, 9 ligne(s) recuperee
2019-06-20 10:36:36,983 :: INFO :: Ecriture de 9 jeux de donnees dans history.txt
2019-06-20 10:36:36,986 :: INFO :: Fichier history.txt genere
2019-06-20 10:36:37,027 :: INFO :: 127.0.0.1 - - [20/Jun/2019 10:36:37] "POST / HTTP/1.1" 200 -
2019-06-20 10:36:38,329 :: INFO :: 127.0.0.1 - - [20/Jun/2019 10:36:38] "GET /static/Button3.png HTTP/1.1" 200 -
2019-06-20 10:37:05,738 :: INFO ::  * Running on http://127.0.0.1:5000/ (Press CTRL+C to quit)
2019-06-20 10:37:07,422 :: INFO :: 127.0.0.1 - - [20/Jun/2019 10:37:07] "GET / HTTP/1.1" 200 -
2019-06-20 10:37:11,681 :: INFO :: [O] Connection a la base de donnees
2019-06-20 10:37:11,689 :: INFO :: [O] Succes de la connection a la base de donnees
2019-06-20 10:37:11,691 :: INFO :: [O] Recuperation de l'ensemble des donnees de la table
2019-06-20 10:37:11,697 :: INFO :: [O] Succes de la requete, 1 ligne(s) recuperee
2019-06-20 10:37:11,703 :: INFO :: [O] Connection a la base de donnees
2019-06-20 10:37:11,719 :: INFO :: [O] Succes de la connection a la base de donnees
2019-06-20 10:37:11,720 :: INFO :: [O] Recuperation de l'ensemble des donnees de la table
2019-06-20 10:37:11,730 :: INFO :: [O] Succes de la requete, 9 ligne(s) recuperee
2019-06-20 10:37:11,738 :: INFO :: Ecriture de 9 jeux de donnees dans history.txt
2019-06-20 10:37:11,741 :: INFO :: Fichier history.txt genere
2019-06-20 10:37:11,763 :: INFO :: 127.0.0.1 - - [20/Jun/2019 10:37:11] "POST / HTTP/1.1" 200 -
2019-06-20 10:37:13,249 :: INFO :: 127.0.0.1 - - [20/Jun/2019 10:37:13] "GET /static/history.txt HTTP/1.1" 200 -
2019-06-20 10:37:58,709 :: INFO ::  * Running on http://127.0.0.1:5000/ (Press CTRL+C to quit)
2019-06-20 10:38:03,163 :: INFO :: 127.0.0.1 - - [20/Jun/2019 10:38:03] "GET / HTTP/1.1" 200 -
2019-06-20 10:38:06,232 :: INFO :: [O] Connection a la base de donnees
2019-06-20 10:38:06,246 :: INFO :: [O] Succes de la connection a la base de donnees
2019-06-20 10:38:06,249 :: INFO :: [O] Recuperation de l'ensemble des donnees de la table
2019-06-20 10:38:06,263 :: INFO :: [O] Succes de la requete, 1 ligne(s) recuperee
2019-06-20 10:38:06,273 :: INFO :: [O] Connection a la base de donnees
2019-06-20 10:38:06,284 :: INFO :: [O] Succes de la connection a la base de donnees
2019-06-20 10:38:06,286 :: INFO :: [O] Recuperation de l'ensemble des donnees de la table
2019-06-20 10:38:06,299 :: INFO :: [O] Succes de la requete, 9 ligne(s) recuperee
2019-06-20 10:38:06,306 :: INFO :: Ecriture de 9 jeux de donnees dans history.txt
2019-06-20 10:38:06,315 :: INFO :: Fichier history.txt genere
2019-06-20 10:38:06,351 :: INFO :: 127.0.0.1 - - [20/Jun/2019 10:38:06] "POST / HTTP/1.1" 200 -
2019-06-20 10:38:07,883 :: INFO :: 127.0.0.1 - - [20/Jun/2019 10:38:07] "GET /static/history.txt HTTP/1.1" 200 -
2019-06-20 10:43:21,508 :: INFO ::  * Running on http://127.0.0.1:5000/ (Press CTRL+C to quit)
2019-06-20 10:43:24,462 :: INFO :: 127.0.0.1 - - [20/Jun/2019 10:43:24] "GET / HTTP/1.1" 200 -
2019-06-20 10:43:28,712 :: INFO :: [O] Connection a la base de donnees
2019-06-20 10:43:28,732 :: INFO :: [O] Succes de la connection a la base de donnees
2019-06-20 10:43:28,735 :: INFO :: [O] Recuperation de l'ensemble des donnees de la table
2019-06-20 10:43:28,757 :: INFO :: [O] Succes de la requete, 1 ligne(s) recuperee
2019-06-20 10:43:28,763 :: INFO :: [O] Connection a la base de donnees
2019-06-20 10:43:28,774 :: INFO :: [O] Succes de la connection a la base de donnees
2019-06-20 10:43:28,776 :: INFO :: [O] Recuperation de l'ensemble des donnees de la table
2019-06-20 10:43:28,785 :: INFO :: [O] Succes de la requete, 9 ligne(s) recuperee
2019-06-20 10:43:28,791 :: INFO :: Ecriture de 9 jeux de donnees dans history.txt
2019-06-20 10:43:28,796 :: INFO :: Fichier history.txt genere
2019-06-20 10:43:28,818 :: INFO :: 127.0.0.1 - - [20/Jun/2019 10:43:28] "POST / HTTP/1.1" 200 -
